<?xml version="1.0" encoding="UTF-8"?>
<!-- Generated by org.testng.reporters.JUnitReportReporter -->
<testsuite hostname="LAPTOP-86HTKKRD" failures="0" tests="1" name="main.TestProject" time="24.605" errors="0" timestamp="2023-12-11T21:37:46 IST" skipped="0">
  <testcase classname="main.TestProject" name="testcasepage" time="24.605"/>
  <system-out/>
</testsuite> <!-- main.TestProject -->
